<?xml version="1.0" encoding="UTF-8"?>
<testsuite xmlns:xsi="http://www.w3.org/2001/XMLSchema-instance" xsi:schemaLocation="https://maven.apache.org/surefire/maven-surefire-plugin/xsd/surefire-test-report.xsd" name="TestSuite" time="43.482" tests="7" errors="0" skipped="0" failures="4">
  <properties>
[...]
</properties>
  <testcase name="loginTest" classname="testCases.TC_LoiginTest_001" time="1.789"/>
  <testcase name="loginDDT" classname="testCases.TC_LoginDDT_002" time="7.456"/>
  <testcase name="loginDDT" classname="testCases.TC_LoginDDT_002" time="3.983">
    <failure message="expected [true] but found [false]" type="java.lang.AssertionError">java.lang.AssertionError: expected [true] but found [false]
	at testCases.TC_LoginDDT_002.loginDDT(TC_LoginDDT_002.java:29)
</failure>
    <system-out><![CDATA[[main] INFO  ebanking  - username is provided
[main] INFO  ebanking  - password is provided
]]></system-out>
  </testcase>
  <testcase name="loginDDT" classname="testCases.TC_LoginDDT_002" time="3.897">
    <failure message="expected [true] but found [false]" type="java.lang.AssertionError">java.lang.AssertionError: expected [true] but found [false]
	at testCases.TC_LoginDDT_002.loginDDT(TC_LoginDDT_002.java:29)
</failure>
    <system-out><![CDATA[[main] INFO  ebanking  - username is provided
[main] INFO  ebanking  - password is provided
]]></system-out>
  </testcase>
  <testcase name="loginDDT" classname="testCases.TC_LoginDDT_002" time="3.938">
    <failure message="expected [true] but found [false]" type="java.lang.AssertionError">java.lang.AssertionError: expected [true] but found [false]
	at testCases.TC_LoginDDT_002.loginDDT(TC_LoginDDT_002.java:29)
</failure>
    <system-out><![CDATA[[main] INFO  ebanking  - username is provided
[main] INFO  ebanking  - password is provided
]]></system-out>
  </testcase>
  <testcase name="loginDDT" classname="testCases.TC_LoginDDT_002" time="0.01">
    <failure message="Keys to send should be a not null CharSequence" type="java.lang.IllegalArgumentException">java.lang.IllegalArgumentException: Keys to send should be a not null CharSequence
	at testCases.TC_LoginDDT_002.loginDDT(TC_LoginDDT_002.java:19)
</failure>
  </testcase>
  <testcase name="AddNewCustomer" classname="testCases.TC_AddCustomerTest_003" time="12.199"/>
</testsuite>